2024-01-31T08:30:38+00:00 CRITICAL Uncaught WCPay\Exceptions\API_Exception: Your site host "localhost" is on a private network. Jetpack can only connect to public sites. in C:\wamp64\www\wordpress-dev\wp-content\plugins\woocommerce-payments\includes\wc-payment-api\class-wc-payments-http.php:194
Stack trace:
#0 C:\wamp64\www\wordpress-dev\wp-content\plugins\woocommerce-payments\includes\wc-payment-api\class-wc-payments-api-client.php(222): WC_Payments_Http->start_connection('http://localhos...')
#1 C:\wamp64\www\wordpress-dev\wp-content\plugins\woocommerce-payments\includes\class-wc-payments-account.php(1923): WC_Payments_API_Client->start_server_connection('http://localhos...')
#2 C:\wamp64\www\wordpress-dev\wp-content\plugins\woocommerce-payments\includes\class-wc-payments-account.php(1018): WC_Payments_Account->redirect_to_onboarding_flow_page()
#3 C:\wamp64\www\wordpress-dev\wp-includes\class-wp-hook.php(324): WC_Payments_Account->maybe_handle_onboarding('')
#4 C:\wamp64\www\wordpress-dev\wp-includes\class-wp-hook.php(348): WP_Hook->apply_filters(NULL, Array)
#5 C:\wamp64\www\wordpress-dev\wp-includes\plugin.php(517): WP_Hook->do_action(Array)
#6 C:\wamp64\www\wordpress-dev\wp-admin\admin.php(175): do_action('admin_init')
#7 {main}
  thrown dans C:\wamp64\www\wordpress-dev\wp-content\plugins\woocommerce-payments\includes\wc-payment-api\class-wc-payments-http.php à la ligne 194

2024-01-31T08:30:55+00:00 CRITICAL Uncaught WCPay\Exceptions\API_Exception: Your site host "localhost" is on a private network. Jetpack can only connect to public sites. in C:\wamp64\www\wordpress-dev\wp-content\plugins\woocommerce-payments\includes\wc-payment-api\class-wc-payments-http.php:194
Stack trace:
#0 C:\wamp64\www\wordpress-dev\wp-content\plugins\woocommerce-payments\includes\wc-payment-api\class-wc-payments-api-client.php(222): WC_Payments_Http->start_connection('http://localhos...')
#1 C:\wamp64\www\wordpress-dev\wp-content\plugins\woocommerce-payments\includes\class-wc-payments-account.php(1923): WC_Payments_API_Client->start_server_connection('http://localhos...')
#2 C:\wamp64\www\wordpress-dev\wp-content\plugins\woocommerce-payments\includes\class-wc-payments-account.php(1018): WC_Payments_Account->redirect_to_onboarding_flow_page()
#3 C:\wamp64\www\wordpress-dev\wp-includes\class-wp-hook.php(324): WC_Payments_Account->maybe_handle_onboarding('')
#4 C:\wamp64\www\wordpress-dev\wp-includes\class-wp-hook.php(348): WP_Hook->apply_filters(NULL, Array)
#5 C:\wamp64\www\wordpress-dev\wp-includes\plugin.php(517): WP_Hook->do_action(Array)
#6 C:\wamp64\www\wordpress-dev\wp-admin\admin.php(175): do_action('admin_init')
#7 {main}
  thrown dans C:\wamp64\www\wordpress-dev\wp-content\plugins\woocommerce-payments\includes\wc-payment-api\class-wc-payments-http.php à la ligne 194

2024-01-31T08:31:29+00:00 CRITICAL Uncaught WCPay\Exceptions\API_Exception: Your site host "localhost" is on a private network. Jetpack can only connect to public sites. in C:\wamp64\www\wordpress-dev\wp-content\plugins\woocommerce-payments\includes\wc-payment-api\class-wc-payments-http.php:194
Stack trace:
#0 C:\wamp64\www\wordpress-dev\wp-content\plugins\woocommerce-payments\includes\wc-payment-api\class-wc-payments-api-client.php(222): WC_Payments_Http->start_connection('http://localhos...')
#1 C:\wamp64\www\wordpress-dev\wp-content\plugins\woocommerce-payments\includes\class-wc-payments-account.php(1923): WC_Payments_API_Client->start_server_connection('http://localhos...')
#2 C:\wamp64\www\wordpress-dev\wp-content\plugins\woocommerce-payments\includes\class-wc-payments-account.php(1018): WC_Payments_Account->redirect_to_onboarding_flow_page()
#3 C:\wamp64\www\wordpress-dev\wp-includes\class-wp-hook.php(324): WC_Payments_Account->maybe_handle_onboarding('')
#4 C:\wamp64\www\wordpress-dev\wp-includes\class-wp-hook.php(348): WP_Hook->apply_filters(NULL, Array)
#5 C:\wamp64\www\wordpress-dev\wp-includes\plugin.php(517): WP_Hook->do_action(Array)
#6 C:\wamp64\www\wordpress-dev\wp-admin\admin.php(175): do_action('admin_init')
#7 {main}
  thrown dans C:\wamp64\www\wordpress-dev\wp-content\plugins\woocommerce-payments\includes\wc-payment-api\class-wc-payments-http.php à la ligne 194

